2016/05/02 15:27:20 にビルドを開始しました。
     1>ノード 5 上のプロジェクト "C:\GitHub\programing\physicsDemo\bulletPhysics\src\BulletSoftBody\BulletSoftBody.vcxproj" (Build ターゲット)。
     1>ClCompile:
         C:\Program Files (x86)\Microsoft Visual Studio 12.0\VC\bin\CL.exe /c /IC:\GitHub\programing\physicsDemo\\BulletPhysics\src /nologo /W3 /WX- /O2 /Ob2 /Oy- /D WIN32 /D NDEBUG /D USE_GRAPHICAL_BENCHMARK /D _CRT_SECURE_NO_WARNINGS /D _CRT_SECURE_NO_DEPRECATE /D _SCL_SECURE_NO_WARNINGS /D "CMAKE_INTDIR=\"Release\"" /D _MBCS /Gm- /EHsc /MT /GS /arch:SSE /fp:fast /Zc:wchar_t /Zc:forScope /GR /Fo"BulletSoftBody.dir\Release\\" /Fd"BulletSoftBody.dir\Release\vc120.pdb" /Gd /TP /analyze- /errorReport:prompt btDefaultSoftBodySolver.cpp btSoftBody.cpp btSoftBodyConcaveCollisionAlgorithm.cpp btSoftBodyHelpers.cpp btSoftBodyRigidBodyCollisionConfiguration.cpp btSoftRigidCollisionAlgorithm.cpp btSoftRigidDynamicsWorld.cpp btSoftSoftCollisionAlgorithm.cpp
         btDefaultSoftBodySolver.cpp
         btSoftBody.cpp
         btSoftBodyConcaveCollisionAlgorithm.cpp
         btSoftBodyHelpers.cpp
     1>btSoftBodyHelpers.cpp(555): warning C4316: 'btSoftBody::Link' : ヒープで割り当てられたオブジェクトが 16 にアラインメントされていない可能性があります
         btSoftBodyRigidBodyCollisionConfiguration.cpp
         btSoftRigidCollisionAlgorithm.cpp
         btSoftRigidDynamicsWorld.cpp
         btSoftSoftCollisionAlgorithm.cpp
         コードを生成中...
       Lib:
         C:\Program Files (x86)\Microsoft Visual Studio 12.0\VC\bin\Lib.exe /OUT:"C:\GitHub\programing\physicsDemo\\bulletPhysics\lib\Release\BulletSoftBody.lib" /NOLOGO  /machine:X86 BulletSoftBody.dir\Release\btDefaultSoftBodySolver.obj
         BulletSoftBody.dir\Release\btSoftBody.obj
         BulletSoftBody.dir\Release\btSoftBodyConcaveCollisionAlgorithm.obj
         BulletSoftBody.dir\Release\btSoftBodyHelpers.obj
         BulletSoftBody.dir\Release\btSoftBodyRigidBodyCollisionConfiguration.obj
         BulletSoftBody.dir\Release\btSoftRigidCollisionAlgorithm.obj
         BulletSoftBody.dir\Release\btSoftRigidDynamicsWorld.obj
         BulletSoftBody.dir\Release\btSoftSoftCollisionAlgorithm.obj
         BulletSoftBody.vcxproj -> C:\GitHub\programing\physicsDemo\\bulletPhysics\lib\Release\BulletSoftBody.lib
     1>プロジェクト "C:\GitHub\programing\physicsDemo\bulletPhysics\src\BulletSoftBody\BulletSoftBody.vcxproj" (Build ターゲット) のビルドが完了しました。

ビルドに成功しました。

経過時間 00:00:18.20
