2016/05/27 16:08:41 にビルドを開始しました。
     1>ノード 4 上のプロジェクト "C:\GitHub\kbcGames_jr\bulletPhysics\src\BulletSoftBody\BulletSoftBody.vcxproj" (Rebuild ターゲット)。
     1>ClCompile:
         C:\Program Files (x86)\Microsoft Visual Studio 12.0\VC\bin\CL.exe /c /IC:\GitHub\kbcGames_jr\\BulletPhysics\src /Zi /nologo /W3 /WX- /Od /Ob0 /Oy- /D WIN32 /D _DEBUG /D _DEBUG /D USE_GRAPHICAL_BENCHMARK /D _CRT_SECURE_NO_WARNINGS /D _CRT_SECURE_NO_DEPRECATE /D _SCL_SECURE_NO_WARNINGS /D "CMAKE_INTDIR=\"Debug\"" /D _MBCS /Gm- /EHsc /RTC1 /MTd /GS /arch:SSE /fp:fast /Zc:wchar_t /Zc:forScope /GR /Fo"BulletSoftBody.dir\Debug\\" /Fd"BulletSoftBody.dir\Debug\vc120.pdb" /Gd /TP /analyze- /errorReport:prompt btDefaultSoftBodySolver.cpp btSoftBody.cpp btSoftBodyConcaveCollisionAlgorithm.cpp btSoftBodyHelpers.cpp btSoftBodyRigidBodyCollisionConfiguration.cpp btSoftRigidCollisionAlgorithm.cpp btSoftRigidDynamicsWorld.cpp btSoftSoftCollisionAlgorithm.cpp
         btDefaultSoftBodySolver.cpp
         btSoftBody.cpp
         btSoftBodyConcaveCollisionAlgorithm.cpp
         btSoftBodyHelpers.cpp
     1>btSoftBodyHelpers.cpp(555): warning C4316: 'btSoftBody::Link' : ヒープで割り当てられたオブジェクトが 16 にアラインメントされていない可能性があります
         btSoftBodyRigidBodyCollisionConfiguration.cpp
         btSoftRigidCollisionAlgorithm.cpp
         btSoftRigidDynamicsWorld.cpp
         btSoftSoftCollisionAlgorithm.cpp
         コードを生成中...
       Lib:
         C:\Program Files (x86)\Microsoft Visual Studio 12.0\VC\bin\Lib.exe /OUT:"C:\GitHub\kbcGames_jr\\bulletPhysics\lib\Debug\BulletSoftBody_Debug.lib" /NOLOGO  /machine:X86 BulletSoftBody.dir\Debug\btDefaultSoftBodySolver.obj
         BulletSoftBody.dir\Debug\btSoftBody.obj
         BulletSoftBody.dir\Debug\btSoftBodyConcaveCollisionAlgorithm.obj
         BulletSoftBody.dir\Debug\btSoftBodyHelpers.obj
         BulletSoftBody.dir\Debug\btSoftBodyRigidBodyCollisionConfiguration.obj
         BulletSoftBody.dir\Debug\btSoftRigidCollisionAlgorithm.obj
         BulletSoftBody.dir\Debug\btSoftRigidDynamicsWorld.obj
         BulletSoftBody.dir\Debug\btSoftSoftCollisionAlgorithm.obj
         BulletSoftBody.vcxproj -> C:\GitHub\kbcGames_jr\\bulletPhysics\lib\Debug\BulletSoftBody_Debug.lib
     1>プロジェクト "C:\GitHub\kbcGames_jr\bulletPhysics\src\BulletSoftBody\BulletSoftBody.vcxproj" (Rebuild ターゲット) のビルドが完了しました。

ビルドに成功しました。

経過時間 00:00:04.79
