2016/06/02 21:18:54 にビルドを開始しました。
     1>ノード 2 上のプロジェクト "C:\GitHub\kbcGames_jr\kbcgames_jr\kbcgames_jr.vcxproj" (Build ターゲット)。
     1>ClCompile:
         C:\Program Files (x86)\Microsoft Visual Studio 12.0\VC\bin\CL.exe /c /ZI /nologo /W3 /WX- /Od /Oy- /D WIN32 /D _DEBUG /D _WINDOWS /D _MBCS /Gm /EHsc /RTC1 /MTd /GS /fp:precise /Zc:wchar_t /Zc:forScope /Fo"Debug\\" /Fd"Debug\vc120.pdb" /Gd /TP /analyze- /errorReport:prompt Source\Game\GameCursorWind.cpp
         GameCursorWind.cpp
     1>c:\github\kbcgames_jr\kbcgames_jr\source\frame\cgamepad.h(118): warning C4800: 'const int' : ブール値を 'true' または 'false' に強制的に設定します (警告の処理)
       Link:
         C:\Program Files (x86)\Microsoft Visual Studio 12.0\VC\bin\link.exe /ERRORREPORT:PROMPT /OUT:"C:\GitHub\kbcGames_jr\Debug\kbcgames_jr.exe" /INCREMENTAL /NOLOGO BulletCollision_Debug.lib BulletDynamics_Debug.lib BulletSoftBody_Debug.lib LinearMath_Debug.lib kernel32.lib user32.lib gdi32.lib winspool.lib comdlg32.lib advapi32.lib shell32.lib ole32.lib oleaut32.lib uuid.lib odbc32.lib odbccp32.lib /MANIFEST /MANIFESTUAC:"level='asInvoker' uiAccess='false'" /manifest:embed /DEBUG /PDB:"C:\GitHub\kbcGames_jr\Debug\kbcgames_jr.pdb" /SUBSYSTEM:WINDOWS /TLBID:1 /DYNAMICBASE /NXCOMPAT /IMPLIB:"C:\GitHub\kbcGames_jr\Debug\kbcgames_jr.lib" /MACHINE:X86 Debug\BulletPhysics.obj
         Debug\Audio.obj
         Debug\C2DObject.obj
         Debug\C3DDraw.obj
         Debug\CAnimation.obj
         Debug\Ccamera.obj
         Debug\CGamepad.obj
         Debug\CGimmickManager.obj
         Debug\CRandom.obj
         Debug\GraphicsDevice.obj
         Debug\input.obj
         Debug\IsIntersect.obj
         Debug\RayCursor.obj
         Debug\RenderTarget.obj
         Debug\Rigidbody.obj
         Debug\SceneManager.obj
         Debug\Shadow.obj
         Debug\SkinModelDate.obj
         Debug\CStageManager.obj
         Debug\Turn.obj
         Debug\WinMain.obj
         Debug\CGameFlg.obj
         Debug\CSelectCursor.obj
         Debug\GameCursor.obj
         Debug\GameCursorWind.obj
         Debug\GameScene.obj
         Debug\Goal.obj
         Debug\Ground.obj
         Debug\Hasu.obj
         Debug\LostGround.obj
         Debug\Movefloor.obj
         Debug\Player.obj
         Debug\Pointa.obj
         Debug\AlwaysWind.obj
         Debug\SelectScene.obj
         Debug\Stage1.obj
         Debug\Stage1Back.obj
         Debug\Title.obj
         Debug\TitleCursor.obj
         Debug\TitleScene.obj
         Debug\Windmill.obj
         Debug\wood.obj
         kbcgames_jr.vcxproj -> C:\GitHub\kbcGames_jr\Debug\kbcgames_jr.exe
     1>プロジェクト "C:\GitHub\kbcGames_jr\kbcgames_jr\kbcgames_jr.vcxproj" (Build ターゲット) のビルドが完了しました。

ビルドに成功しました。

経過時間 00:00:01.98
