c:\github\kbcgames_jr\kbcgames_jr\debug\vc120.pdb
c:\github\kbcgames_jr\kbcgames_jr\debug\vc120.idb
c:\github\kbcgames_jr\kbcgames_jr\debug\rendertarget.obj
c:\github\kbcgames_jr\kbcgames_jr\debug\rigidbody.obj
c:\github\kbcgames_jr\kbcgames_jr\debug\scenemanager.obj
c:\github\kbcgames_jr\kbcgames_jr\debug\shadow.obj
c:\github\kbcgames_jr\kbcgames_jr\debug\skinmodeldate.obj
c:\github\kbcgames_jr\kbcgames_jr\debug\winmain.obj
c:\github\kbcgames_jr\kbcgames_jr\debug\debri.obj
c:\github\kbcgames_jr\kbcgames_jr\debug\gamecursor.obj
c:\github\kbcgames_jr\kbcgames_jr\debug\ground.obj
c:\github\kbcgames_jr\kbcgames_jr\debug\player.obj
c:\github\kbcgames_jr\kbcgames_jr\debug\pointa.obj
c:\github\kbcgames_jr\kbcgames_jr\debug\alwayswind.obj
c:\github\kbcgames_jr\kbcgames_jr\debug\title.obj
c:\github\kbcgames_jr\kbcgames_jr\debug\titlecursor.obj
c:\github\kbcgames_jr\kbcgames_jr\debug\titlescene.obj
c:\github\kbcgames_jr\kbcgames_jr\debug\windmill.obj
c:\github\kbcgames_jr\kbcgames_jr\debug\wood.obj
c:\github\kbcgames_jr\kbcgames_jr\debug\bulletphysics.obj
c:\github\kbcgames_jr\kbcgames_jr\debug\audio.obj
c:\github\kbcgames_jr\kbcgames_jr\debug\c2dobject.obj
c:\github\kbcgames_jr\kbcgames_jr\debug\c3ddraw.obj
c:\github\kbcgames_jr\kbcgames_jr\debug\ccamera.obj
c:\github\kbcgames_jr\kbcgames_jr\debug\cgamepad.obj
c:\github\kbcgames_jr\kbcgames_jr\debug\graphicsdevice.obj
c:\github\kbcgames_jr\kbcgames_jr\debug\input.obj
c:\github\kbcgames_jr\kbcgames_jr\debug\isintersect.obj
c:\github\kbcgames_jr\kbcgames_jr\debug\raycursor.obj
c:\github\kbcgames_jr\kbcgames_jr\debug\turn.obj
c:\github\kbcgames_jr\kbcgames_jr\debug\stage1.obj
c:\github\kbcgames_jr\kbcgames_jr\debug\stage1back.obj
c:\github\kbcgames_jr\kbcgames_jr\debug\canimation.obj
c:\github\kbcgames_jr\kbcgames_jr\debug\lostground.obj
c:\github\kbcgames_jr\kbcgames_jr\debug\gamecursorwind.obj
c:\github\kbcgames_jr\kbcgames_jr\debug\movefloor.obj
c:\github\kbcgames_jr\kbcgames_jr\debug\crandom.obj
c:\github\kbcgames_jr\kbcgames_jr\debug\cgameflg.obj
c:\github\kbcgames_jr\kbcgames_jr\debug\hasu.obj
c:\github\kbcgames_jr\debug\kbcgames_jr.ilk
c:\github\kbcgames_jr\debug\kbcgames_jr.exe
c:\github\kbcgames_jr\debug\kbcgames_jr.pdb
c:\github\kbcgames_jr\kbcgames_jr\debug\kbcgames_jr.tlog\cl.command.1.tlog
c:\github\kbcgames_jr\kbcgames_jr\debug\kbcgames_jr.tlog\cl.read.1.tlog
c:\github\kbcgames_jr\kbcgames_jr\debug\kbcgames_jr.tlog\cl.write.1.tlog
c:\github\kbcgames_jr\kbcgames_jr\debug\kbcgames_jr.tlog\link.command.1.tlog
c:\github\kbcgames_jr\kbcgames_jr\debug\kbcgames_jr.tlog\link.read.1.tlog
c:\github\kbcgames_jr\kbcgames_jr\debug\kbcgames_jr.tlog\link.write.1.tlog
